Mplus VERSION 8.9
MUTHEN & MUTHEN
05/22/2023  12:23 AM

INPUT INSTRUCTIONS

  TITLE:
      Exploratory analysis of MST effectiveness during COVID-19
      Descriptive statistics whole sample

  DATA:
      file = "MST.dat";

  VARIABLE:
      names =
          ! Var # 1--8                            ! Admin var
          agecoh ageter mid north age compstat compbin trmtleng
          ! Var # 9--12                           ! Demographic
          immi1 immi2 female country
          ! Var # 13--19                          ! Treament var
          travel travbin tamr prior insti foster psyc
          ! Var # 20--25                          ! Admission (T0)
          innhome innvio innsch innlaw inndrug bhv0
          ! Var # 26--34
          innyls1 innyls2 innyls3 innyls4 innyls5
          innyls6 innyls7 innyls8 rsk0
          ! Var # 35--40                          ! Discharge (T1)
          outhome outvio outsch outlaw outdrug bhv1
          ! Var # 41--49
          outyls1 outyls2 outyls3 outyls4 outyls5
          outyls6 outyls7 outyls8 rsk1
          ! Var # 50--55                          ! Follow-ups
          home6 vio6 sch6 law6 drug6 bhv6         ! 6-month (T2)
          ! Var # 56--61
          home12 vio12 sch12 law12 drug12 bhv12   ! 12-month (T3)
          ! Var # 62--67
          home18 vio18 sch18 law18 drug18 bhv18   ! 18-month (T4)
          ! Var # 68--74
          t0 t1 t2 t3 t4 chgbhv chgrsk            ! Derived var
          ;

      usevar =
          bhv0 bhv1 bhv6 bhv12 bhv18
          rsk0 rsk1
          mid north age female immi1 immi2
          tamr prior insti foster psyc
          chgbhv chgrsk
          ;

      missing = all (-999);

  DATA IMPUTATION:
      impute =
          bhv0 bhv1 bhv6 bhv12 bhv18
          rsk0 rsk1
          mid north age female immi1 immi2
          tamr prior insti foster psyc
          chgbhv chgrsk
          ;

      ndatasets = 10;

      save = mst_00_overall_*.dat;

  ANALYSIS:
      type = basic;

  OUTPUT:
      sampstat;



INPUT READING TERMINATED NORMALLY




Exploratory analysis of MST effectiveness during COVID-19
Descriptive statistics whole sample

SUMMARY OF ANALYSIS

Number of groups                                                 1
Average number of observations                                2021

Number of replications
    Requested                                                   10
    Completed                                                   10

Number of dependent variables                                   20
Number of independent variables                                  0
Number of continuous latent variables                            0

Observed dependent variables

  Continuous
   BHV0        BHV1        BHV6        BHV12       BHV18       RSK0
   RSK1        MID         NORTH       AGE         FEMALE      IMMI1
   IMMI2       TAMR        PRIOR       INSTI       FOSTER      PSYC
   CHGBHV      CHGRSK


Variables used for imputation

  Variables imputed as continuous
   BHV0        BHV1        BHV6        BHV12       BHV18       RSK0
   RSK1        MID         NORTH       AGE         FEMALE      IMMI1
   IMMI2       TAMR        PRIOR       INSTI       FOSTER      PSYC
   CHGBHV      CHGRSK


Estimator                                                       ML
Information matrix                                        OBSERVED
Maximum number of iterations                                  1000
Convergence criterion                                    0.500D-04
Maximum number of steepest descent iterations                   20
Maximum number of iterations for H1                           2000
Convergence criterion for H1                             0.100D-03
Specifications for Bayesian Estimation
  Point estimate                                            MEDIAN
  Number of Markov chain Monte Carlo (MCMC) chains               2
  Random seed for the first chain                                0
  Starting value information                           UNPERTURBED
  Algorithm used for Markov chain Monte Carlo           GIBBS(PX1)
  Convergence criterion                                  0.500D-01
  Maximum number of iterations                               50000
  K-th iteration used for thinning                               1
Specifications for Data Imputation
  Number of imputed data sets                                   10
  H1 imputation model type                              COVARIANCE
  Iteration intervals for thinning                             100

Input data file(s)
  MST.dat

Input data format  FREE


SUMMARY OF DATA FOR THE FIRST DATA SET

     Number of missing data patterns             1


SUMMARY OF MISSING DATA PATTERNS FOR THE FIRST DATA SET


     MISSING DATA PATTERNS (x = not missing)

           1
 BHV0      x
 BHV1      x
 BHV6      x
 BHV12     x
 BHV18     x
 RSK0      x
 RSK1      x
 MID       x
 NORTH     x
 AGE       x
 FEMALE    x
 IMMI1     x
 IMMI2     x
 TAMR      x
 PRIOR     x
 INSTI     x
 FOSTER    x
 PSYC      x
 CHGBHV    x
 CHGRSK    x


     MISSING DATA PATTERN FREQUENCIES

    Pattern   Frequency
          1        2021


COVARIANCE COVERAGE OF DATA FOR THE FIRST DATA SET

Minimum covariance coverage value   0.100


     PROPORTION OF DATA PRESENT


           Covariance Coverage
              BHV0          BHV1          BHV6          BHV12         BHV18
              ________      ________      ________      ________      ________
 BHV0           1.000
 BHV1           1.000         1.000
 BHV6           1.000         1.000         1.000
 BHV12          1.000         1.000         1.000         1.000
 BHV18          1.000         1.000         1.000         1.000         1.000
 RSK0           1.000         1.000         1.000         1.000         1.000
 RSK1           1.000         1.000         1.000         1.000         1.000
 MID            1.000         1.000         1.000         1.000         1.000
 NORTH          1.000         1.000         1.000         1.000         1.000
 AGE            1.000         1.000         1.000         1.000         1.000
 FEMALE         1.000         1.000         1.000         1.000         1.000
 IMMI1          1.000         1.000         1.000         1.000         1.000
 IMMI2          1.000         1.000         1.000         1.000         1.000
 TAMR           1.000         1.000         1.000         1.000         1.000
 PRIOR          1.000         1.000         1.000         1.000         1.000
 INSTI          1.000         1.000         1.000         1.000         1.000
 FOSTER         1.000         1.000         1.000         1.000         1.000
 PSYC           1.000         1.000         1.000         1.000         1.000
 CHGBHV         1.000         1.000         1.000         1.000         1.000
 CHGRSK         1.000         1.000         1.000         1.000         1.000


           Covariance Coverage
              RSK0          RSK1          MID           NORTH         AGE
              ________      ________      ________      ________      ________
 RSK0           1.000
 RSK1           1.000         1.000
 MID            1.000         1.000         1.000
 NORTH          1.000         1.000         1.000         1.000
 AGE            1.000         1.000         1.000         1.000         1.000
 FEMALE         1.000         1.000         1.000         1.000         1.000
 IMMI1          1.000         1.000         1.000         1.000         1.000
 IMMI2          1.000         1.000         1.000         1.000         1.000
 TAMR           1.000         1.000         1.000         1.000         1.000
 PRIOR          1.000         1.000         1.000         1.000         1.000
 INSTI          1.000         1.000         1.000         1.000         1.000
 FOSTER         1.000         1.000         1.000         1.000         1.000
 PSYC           1.000         1.000         1.000         1.000         1.000
 CHGBHV         1.000         1.000         1.000         1.000         1.000
 CHGRSK         1.000         1.000         1.000         1.000         1.000


           Covariance Coverage
              FEMALE        IMMI1         IMMI2         TAMR          PRIOR
              ________      ________      ________      ________      ________
 FEMALE         1.000
 IMMI1          1.000         1.000
 IMMI2          1.000         1.000         1.000
 TAMR           1.000         1.000         1.000         1.000
 PRIOR          1.000         1.000         1.000         1.000         1.000
 INSTI          1.000         1.000         1.000         1.000         1.000
 FOSTER         1.000         1.000         1.000         1.000         1.000
 PSYC           1.000         1.000         1.000         1.000         1.000
 CHGBHV         1.000         1.000         1.000         1.000         1.000
 CHGRSK         1.000         1.000         1.000         1.000         1.000


           Covariance Coverage
              INSTI         FOSTER        PSYC          CHGBHV        CHGRSK
              ________      ________      ________      ________      ________
 INSTI          1.000
 FOSTER         1.000         1.000
 PSYC           1.000         1.000         1.000
 CHGBHV         1.000         1.000         1.000         1.000
 CHGRSK         1.000         1.000         1.000         1.000         1.000



RESULTS FOR BASIC ANALYSIS

NOTE:  These are average results over 10 data sets.


     ESTIMATED SAMPLE STATISTICS


           Means
              BHV0          BHV1          BHV6          BHV12         BHV18
              ________      ________      ________      ________      ________
                2.449         4.329         4.245         4.303         4.362


           Means
              RSK0          RSK1          MID           NORTH         AGE
              ________      ________      ________      ________      ________
               18.621         8.926         0.162         0.084        14.331


           Means
              FEMALE        IMMI1         IMMI2         TAMR          PRIOR
              ________      ________      ________      ________      ________
                0.366         0.108         0.090         0.764         0.197


           Means
              INSTI         FOSTER        PSYC          CHGBHV        CHGRSK
              ________      ________      ________      ________      ________
                0.154         0.083         0.641         1.880         9.695


           Covariances
              BHV0          BHV1          BHV6          BHV12         BHV18
              ________      ________      ________      ________      ________
 BHV0           1.204
 BHV1           0.388         1.390
 BHV6           0.354         0.731         1.225
 BHV12          0.273         0.560         0.856         1.135
 BHV18          0.303         0.515         0.763         0.836         1.037
 RSK0          -2.807        -1.496        -1.660        -1.234        -1.227
 RSK1          -2.174        -5.622        -3.784        -2.948        -2.783
 MID           -0.037        -0.001         0.022         0.010         0.005
 NORTH          0.011        -0.004        -0.001        -0.007        -0.016
 AGE           -0.429        -0.300        -0.163        -0.155        -0.203
 FEMALE         0.064         0.028        -0.024        -0.002        -0.005
 IMMI1         -0.023        -0.027        -0.018        -0.012        -0.015
 IMMI2         -0.017        -0.013        -0.006        -0.002         0.002
 TAMR           0.008         0.036         0.015         0.020         0.021
 PRIOR          0.015        -0.003        -0.021        -0.013        -0.022
 INSTI         -0.122        -0.091        -0.081        -0.065        -0.069
 FOSTER         0.003        -0.012        -0.003        -0.013        -0.007
 PSYC           0.015        -0.012        -0.029        -0.014        -0.018
 CHGBHV        -0.816         1.002         0.377         0.287         0.212
 CHGRSK        -0.633         4.125         2.124         1.714         1.556


           Covariances
              RSK0          RSK1          MID           NORTH         AGE
              ________      ________      ________      ________      ________
 RSK0          23.712
 RSK1          16.178        42.306
 MID           -0.027         0.069         0.136
 NORTH         -0.051         0.030        -0.014         0.077
 AGE            0.437         0.743        -0.044        -0.032         2.561
 FEMALE        -0.361        -0.253        -0.011         0.000         0.042
 IMMI1          0.132         0.206        -0.007        -0.005         0.056
 IMMI2          0.022         0.071        -0.004         0.003        -0.012
 TAMR          -0.049        -0.269         0.014         0.002        -0.027
 PRIOR         -0.038         0.014         0.011        -0.003        -0.002
 INSTI          0.283         0.442        -0.002        -0.006         0.078
 FOSTER        -0.032         0.050         0.001         0.000         0.016
 PSYC           0.069         0.245        -0.004        -0.006        -0.026
 CHGBHV         1.311        -3.447         0.036        -0.015         0.130
 CHGRSK         7.534       -26.127        -0.096        -0.081        -0.305


           Covariances
              FEMALE        IMMI1         IMMI2         TAMR          PRIOR
              ________      ________      ________      ________      ________
 FEMALE         0.232
 IMMI1         -0.006         0.096
 IMMI2          0.000        -0.010         0.082
 TAMR          -0.002        -0.006        -0.002         0.053
 PRIOR         -0.014        -0.005        -0.006         0.004         0.158
 INSTI          0.000         0.007         0.003        -0.005         0.008
 FOSTER         0.004         0.001        -0.002        -0.002        -0.002
 PSYC           0.029        -0.023        -0.016        -0.004         0.019
 CHGBHV        -0.036        -0.004         0.004         0.028        -0.018
 CHGRSK        -0.109        -0.074        -0.049         0.221        -0.052


           Covariances
              INSTI         FOSTER        PSYC          CHGBHV        CHGRSK
              ________      ________      ________      ________      ________
 INSTI          0.130
 FOSTER         0.006         0.076
 PSYC           0.012         0.011         0.230
 CHGBHV         0.031        -0.014        -0.027         1.818
 CHGRSK        -0.159        -0.082        -0.176         4.758        33.661


           Correlations
              BHV0          BHV1          BHV6          BHV12         BHV18
              ________      ________      ________      ________      ________
 BHV0           1.000
 BHV1           0.300         1.000
 BHV6           0.291         0.560         1.000
 BHV12          0.233         0.446         0.726         1.000
 BHV18          0.271         0.429         0.677         0.771         1.000
 RSK0          -0.525        -0.261        -0.308        -0.238        -0.248
 RSK1          -0.305        -0.733        -0.526        -0.425        -0.420
 MID           -0.092        -0.003         0.055         0.026         0.012
 NORTH          0.035        -0.012        -0.004        -0.022        -0.056
 AGE           -0.244        -0.159        -0.092        -0.091        -0.124
 FEMALE         0.121         0.049        -0.046        -0.004        -0.009
 IMMI1         -0.067        -0.073        -0.051        -0.035        -0.049
 IMMI2         -0.053        -0.037        -0.020        -0.005         0.007
 TAMR           0.031         0.132         0.059         0.083         0.088
 PRIOR          0.035        -0.006        -0.048        -0.032        -0.055
 INSTI         -0.308        -0.214        -0.204        -0.169        -0.188
 FOSTER         0.009        -0.035        -0.010        -0.045        -0.024
 PSYC           0.029        -0.021        -0.054        -0.028        -0.037
 CHGBHV        -0.552         0.630         0.253         0.200         0.155
 CHGRSK        -0.099         0.603         0.331         0.277         0.263


           Correlations
              RSK0          RSK1          MID           NORTH         AGE
              ________      ________      ________      ________      ________
 RSK0           1.000
 RSK1           0.511         1.000
 MID           -0.015         0.029         1.000
 NORTH         -0.038         0.016        -0.133         1.000
 AGE            0.056         0.071        -0.075        -0.072         1.000
 FEMALE        -0.154        -0.081        -0.064        -0.001         0.054
 IMMI1          0.087         0.102        -0.062        -0.054         0.112
 IMMI2          0.016         0.038        -0.035         0.035        -0.027
 TAMR          -0.043        -0.180         0.163         0.030        -0.073
 PRIOR         -0.020         0.005         0.076        -0.029        -0.004
 INSTI          0.161         0.188        -0.013        -0.055         0.135
 FOSTER        -0.024         0.028         0.013         0.006         0.036
 PSYC           0.030         0.078        -0.023        -0.048        -0.034
 CHGBHV         0.200        -0.393         0.073        -0.039         0.060
 CHGRSK         0.267        -0.692        -0.045        -0.050        -0.033


           Correlations
              FEMALE        IMMI1         IMMI2         TAMR          PRIOR
              ________      ________      ________      ________      ________
 FEMALE         1.000
 IMMI1         -0.039         1.000
 IMMI2         -0.002        -0.109         1.000
 TAMR          -0.022        -0.089        -0.037         1.000
 PRIOR         -0.074        -0.040        -0.051         0.047         1.000
 INSTI          0.000         0.059         0.033        -0.066         0.058
 FOSTER         0.028         0.011        -0.020        -0.034        -0.014
 PSYC           0.126        -0.155        -0.118        -0.037         0.101
 CHGBHV        -0.056        -0.009         0.011         0.091        -0.034
 CHGRSK        -0.039        -0.041        -0.030         0.166        -0.023


           Correlations
              INSTI         FOSTER        PSYC          CHGBHV        CHGRSK
              ________      ________      ________      ________      ________
 INSTI          1.000
 FOSTER         0.060         1.000
 PSYC           0.071         0.083         1.000
 CHGBHV         0.064        -0.038        -0.043         1.000
 CHGRSK        -0.076        -0.051        -0.063         0.608         1.000


UNIVARIATE SAMPLE STATISTICS


     UNIVARIATE HIGHER-ORDER MOMENT DESCRIPTIVE STATISTICS

         Variable/         Mean/     Skewness/   Minimum/ % with                Percentiles
        Sample Size      Variance    Kurtosis    Maximum  Min/Max      20%/60%    40%/80%    Median

     BHV0                  2.449      -0.038       0.000    2.97%       1.000      2.000      2.000
            2021.000       1.204      -0.492       5.000    2.08%       3.000      3.000
     BHV1                  4.332      -2.018       0.000    2.14%       4.000      5.000      5.000
            2008.000       1.386       3.549       5.000   65.89%       5.000      5.000
     BHV6                  4.465      -2.247       0.000    0.85%       4.000      5.000      5.000
            1294.000       0.904       5.460       5.000   66.85%       5.000      5.000
     BHV12                 4.507      -2.455       0.000    1.18%       4.000      5.000      5.000
            1184.000       0.910       6.522       5.000   70.52%       5.000      5.000
     BHV18                 4.561      -2.705       0.000    1.09%       4.000      5.000      5.000
            1006.000       0.835       8.109       5.000   73.46%       5.000      5.000
     RSK0                 18.621       0.101       0.000    0.10%      15.000     17.000     18.000
            2021.000      23.712       0.137      34.000    0.10%      20.000     23.000
     RSK1                  8.897       1.102       0.000    2.40%       3.000      6.000      7.000
            1996.000      42.104       0.914      34.000    0.05%       9.000     13.000
     MID                   0.162       1.832       0.000   83.77%       0.000      0.000      0.000
            2021.000       0.136       1.355       1.000   16.23%       0.000      0.000
     NORTH                 0.084       2.997       0.000   91.59%       0.000      0.000      0.000
            2021.000       0.077       6.980       1.000    8.41%       0.000      0.000
     AGE                  14.331      -0.552       7.000    0.05%      13.000     14.000     14.000
            2021.000       2.561       0.330      18.000    0.20%      15.000     16.000
     FEMALE                0.366       0.556       0.000   63.38%       0.000      0.000      0.000
            2021.000       0.232      -1.691       1.000   36.62%       0.000      1.000
     IMMI1                 0.108       2.528       0.000   89.21%       0.000      0.000      0.000
            2021.000       0.096       4.392       1.000   10.79%       0.000      0.000
     IMMI2                 0.090       2.864       0.000   90.99%       0.000      0.000      0.000
            2021.000       0.082       6.203       1.000    9.01%       0.000      0.000
     TAMR                  0.766      -1.356       0.000    0.58%       0.610      0.800      0.850
            1557.000       0.052       1.287       1.000    5.72%       0.890      0.950
     PRIOR                 0.197       1.524       0.000   80.31%       0.000      0.000      0.000
            2021.000       0.158       0.323       1.000   19.69%       0.000      0.000
     INSTI                 0.154       1.918       0.000   84.61%       0.000      0.000      0.000
            2021.000       0.130       1.680       1.000   15.39%       0.000      0.000
     FOSTER                0.083       3.020       0.000   91.69%       0.000      0.000      0.000
            2021.000       0.076       7.120       1.000    8.31%       0.000      0.000
     PSYC                  0.641      -0.587       0.000   35.92%       0.000      1.000      1.000
            2021.000       0.230      -1.656       1.000   64.08%       1.000      1.000
     CHGBHV                1.887      -0.313      -3.000    0.10%       1.000      2.000      2.000
            2008.000       1.806      -0.221       5.000    0.75%       2.000      3.000
     CHGRSK                9.740      -0.076     -14.000    0.05%       5.000      9.000     10.000
            1996.000      33.574      -0.050      29.000    0.05%      11.000     15.000


SAVEDATA INFORMATION


  Save file
    mst_00_overall_*.dat

  Order of variables

    BHV0
    BHV1
    BHV6
    BHV12
    BHV18
    RSK0
    RSK1
    MID
    NORTH
    AGE
    FEMALE
    IMMI1
    IMMI2
    TAMR
    PRIOR
    INSTI
    FOSTER
    PSYC
    CHGBHV
    CHGRSK

  Save file format           Free

  Save file record length    10000

  Save missing symbol        *


     Beginning Time:  00:23:54
        Ending Time:  00:24:30
       Elapsed Time:  00:00:36



MUTHEN & MUTHEN
3463 Stoner Ave.
Los Angeles, CA  90066

Tel: (310) 391-9971
Fax: (310) 391-8971
Web: www.StatModel.com
Support: Support@StatModel.com

Copyright (c) 1998-2023 Muthen & Muthen
