Mplus VERSION 8.9
MUTHEN & MUTHEN
04/27/2023   3:38 PM

INPUT INSTRUCTIONS

  TITLE:
      Exploratory analysis of MST effectiveness during COVID-19
      Descriptive statistics

  DATA:
      file = "MST.dat";
      ngroups = 3;

  VARIABLE:
      names =
          ! Var # 1--8                            ! Admin var
          agecoh ageter mid north age compstat compbin trmtleng
          ! Var # 9--12                           ! Demographic
          immi1 immi2 female country
          ! Var # 13--19                          ! Treament var
          travel travbin tamr prior insti foster psyhlth
          ! Var # 20--25                          ! Admission (T0)
          innhome innvio innsch innlaw inndrug innsum
          ! Var # 26--34
          innyls1 innyls2 innyls3 innyls4 innyls5
          innyls6 innyls7 innyls8 innylss
          ! Var # 35--40                          ! Discharge (T1)
          outhome outvio outsch outlaw outdrug outsum
          ! Var # 41--49
          outyls1 outyls2 outyls3 outyls4 outyls5
          outyls6 outyls7 outyls8 outylss
          ! Var # 50--55                          ! Follow-ups
          home6 vio6 sch6 law6 drug6 sum6         ! 6-month (T2)
          ! Var # 56--61
          home12 vio12 sch12 law12 drug12 sum12   ! 12-month (T3)
          ! Var # 62--67
          home18 vio18 sch18 law18 drug18 sum18   ! 18-month (T4)
          ! Var # 68--73
          t0 t1 t2 t3 t4 chgyls                   ! Additional var
          ;

      usevar =
          innsum outsum sum6 sum12 sum18
          innylss outylss
          mid north age female immi1 immi2
          tamr prior insti foster psyhlth chgyls
          ;

      missing = all (-999);

      grouping = agecoh (1 = before 2 = during 3 = after);

  DATA IMPUTATION:
      impute =
          innsum outsum sum6 sum12 sum18
          innylss outylss
          mid north age female immi1 immi2
          tamr prior insti foster psyhlth chgyls
          ;

      ndatasets = 10;

      save = mst_0_desc_*.dat;

  ANALYSIS:
      type = basic;

  OUTPUT:
      sampstat;



INPUT READING TERMINATED NORMALLY




Exploratory analysis of MST effectiveness during COVID-19
Descriptive statistics

SUMMARY OF ANALYSIS

Number of groups                                                 3
Average number of observations
   Group BEFORE                                                569
   Group DURING                                                620
   Group AFTER                                                 832
   Total sample size                                          2021

Number of replications
    Requested                                                   10
    Completed                                                   10

Number of dependent variables                                   19
Number of independent variables                                  0
Number of continuous latent variables                            0

Observed dependent variables

  Continuous
   INNSUM      OUTSUM      SUM6        SUM12       SUM18       INNYLSS
   OUTYLSS     MID         NORTH       AGE         FEMALE      IMMI1
   IMMI2       TAMR        PRIOR       INSTI       FOSTER      PSYHLTH
   CHGYLS

Variables with special functions

  Grouping variable     AGECOH

Variables used for imputation

  Variables imputed as continuous
   INNSUM      OUTSUM      SUM6        SUM12       SUM18       INNYLSS
   OUTYLSS     MID         NORTH       AGE         FEMALE      IMMI1
   IMMI2       TAMR        PRIOR       INSTI       FOSTER      PSYHLTH
   CHGYLS


Estimator                                                       ML
Information matrix                                        OBSERVED
Maximum number of iterations                                  1000
Convergence criterion                                    0.500D-04
Maximum number of steepest descent iterations                   20
Maximum number of iterations for H1                           2000
Convergence criterion for H1                             0.100D-03
Specifications for Bayesian Estimation
  Point estimate                                            MEDIAN
  Number of Markov chain Monte Carlo (MCMC) chains               2
  Random seed for the first chain                                0
  Starting value information                           UNPERTURBED
  Algorithm used for Markov chain Monte Carlo           GIBBS(PX1)
  Convergence criterion                                  0.500D-01
  Maximum number of iterations                               50000
  K-th iteration used for thinning                               1
Specifications for Data Imputation
  Number of imputed data sets                                   10
  H1 imputation model type                              COVARIANCE
  Iteration intervals for thinning                             100

Input data file(s)
  MST.dat

Input data format  FREE


SUMMARY OF DATA FOR THE FIRST DATA SET

   Group BEFORE
     Number of missing data patterns             1

   Group DURING
     Number of missing data patterns             1

   Group AFTER
     Number of missing data patterns             1


SUMMARY OF MISSING DATA PATTERNS FOR THE FIRST DATA SET


     MISSING DATA PATTERNS FOR BEFORE (x = not missing)

           1
 INNSUM    x
 OUTSUM    x
 SUM6      x
 SUM12     x
 SUM18     x
 INNYLSS   x
 OUTYLSS   x
 MID       x
 NORTH     x
 AGE       x
 FEMALE    x
 IMMI1     x
 IMMI2     x
 TAMR      x
 PRIOR     x
 INSTI     x
 FOSTER    x
 PSYHLTH   x
 CHGYLS    x


     MISSING DATA PATTERN FREQUENCIES FOR BEFORE

    Pattern   Frequency
          1         569


     MISSING DATA PATTERNS FOR DURING (x = not missing)

           1
 INNSUM    x
 OUTSUM    x
 SUM6      x
 SUM12     x
 SUM18     x
 INNYLSS   x
 OUTYLSS   x
 MID       x
 NORTH     x
 AGE       x
 FEMALE    x
 IMMI1     x
 IMMI2     x
 TAMR      x
 PRIOR     x
 INSTI     x
 FOSTER    x
 PSYHLTH   x
 CHGYLS    x


     MISSING DATA PATTERN FREQUENCIES FOR DURING

    Pattern   Frequency
          1         620


     MISSING DATA PATTERNS FOR AFTER (x = not missing)

           1
 INNSUM    x
 OUTSUM    x
 SUM6      x
 SUM12     x
 SUM18     x
 INNYLSS   x
 OUTYLSS   x
 MID       x
 NORTH     x
 AGE       x
 FEMALE    x
 IMMI1     x
 IMMI2     x
 TAMR      x
 PRIOR     x
 INSTI     x
 FOSTER    x
 PSYHLTH   x
 CHGYLS    x


     MISSING DATA PATTERN FREQUENCIES FOR AFTER

    Pattern   Frequency
          1         832


COVARIANCE COVERAGE OF DATA FOR THE FIRST DATA SET

Minimum covariance coverage value   0.100


     PROPORTION OF DATA PRESENT FOR BEFORE


           Covariance Coverage
              INNSUM        OUTSUM        SUM6          SUM12         SUM18
              ________      ________      ________      ________      ________
 INNSUM         1.000
 OUTSUM         1.000         1.000
 SUM6           1.000         1.000         1.000
 SUM12          1.000         1.000         1.000         1.000
 SUM18          1.000         1.000         1.000         1.000         1.000
 INNYLSS        1.000         1.000         1.000         1.000         1.000
 OUTYLSS        1.000         1.000         1.000         1.000         1.000
 MID            1.000         1.000         1.000         1.000         1.000
 NORTH          1.000         1.000         1.000         1.000         1.000
 AGE            1.000         1.000         1.000         1.000         1.000
 FEMALE         1.000         1.000         1.000         1.000         1.000
 IMMI1          1.000         1.000         1.000         1.000         1.000
 IMMI2          1.000         1.000         1.000         1.000         1.000
 TAMR           1.000         1.000         1.000         1.000         1.000
 PRIOR          1.000         1.000         1.000         1.000         1.000
 INSTI          1.000         1.000         1.000         1.000         1.000
 FOSTER         1.000         1.000         1.000         1.000         1.000
 PSYHLTH        1.000         1.000         1.000         1.000         1.000
 CHGYLS         1.000         1.000         1.000         1.000         1.000


           Covariance Coverage
              INNYLSS       OUTYLSS       MID           NORTH         AGE
              ________      ________      ________      ________      ________
 INNYLSS        1.000
 OUTYLSS        1.000         1.000
 MID            1.000         1.000         1.000
 NORTH          1.000         1.000         1.000         1.000
 AGE            1.000         1.000         1.000         1.000         1.000
 FEMALE         1.000         1.000         1.000         1.000         1.000
 IMMI1          1.000         1.000         1.000         1.000         1.000
 IMMI2          1.000         1.000         1.000         1.000         1.000
 TAMR           1.000         1.000         1.000         1.000         1.000
 PRIOR          1.000         1.000         1.000         1.000         1.000
 INSTI          1.000         1.000         1.000         1.000         1.000
 FOSTER         1.000         1.000         1.000         1.000         1.000
 PSYHLTH        1.000         1.000         1.000         1.000         1.000
 CHGYLS         1.000         1.000         1.000         1.000         1.000


           Covariance Coverage
              FEMALE        IMMI1         IMMI2         TAMR          PRIOR
              ________      ________      ________      ________      ________
 FEMALE         1.000
 IMMI1          1.000         1.000
 IMMI2          1.000         1.000         1.000
 TAMR           1.000         1.000         1.000         1.000
 PRIOR          1.000         1.000         1.000         1.000         1.000
 INSTI          1.000         1.000         1.000         1.000         1.000
 FOSTER         1.000         1.000         1.000         1.000         1.000
 PSYHLTH        1.000         1.000         1.000         1.000         1.000
 CHGYLS         1.000         1.000         1.000         1.000         1.000


           Covariance Coverage
              INSTI         FOSTER        PSYHLTH       CHGYLS
              ________      ________      ________      ________
 INSTI          1.000
 FOSTER         1.000         1.000
 PSYHLTH        1.000         1.000         1.000
 CHGYLS         1.000         1.000         1.000         1.000


     PROPORTION OF DATA PRESENT FOR DURING


           Covariance Coverage
              INNSUM        OUTSUM        SUM6          SUM12         SUM18
              ________      ________      ________      ________      ________
 INNSUM         1.000
 OUTSUM         1.000         1.000
 SUM6           1.000         1.000         1.000
 SUM12          1.000         1.000         1.000         1.000
 SUM18          1.000         1.000         1.000         1.000         1.000
 INNYLSS        1.000         1.000         1.000         1.000         1.000
 OUTYLSS        1.000         1.000         1.000         1.000         1.000
 MID            1.000         1.000         1.000         1.000         1.000
 NORTH          1.000         1.000         1.000         1.000         1.000
 AGE            1.000         1.000         1.000         1.000         1.000
 FEMALE         1.000         1.000         1.000         1.000         1.000
 IMMI1          1.000         1.000         1.000         1.000         1.000
 IMMI2          1.000         1.000         1.000         1.000         1.000
 TAMR           1.000         1.000         1.000         1.000         1.000
 PRIOR          1.000         1.000         1.000         1.000         1.000
 INSTI          1.000         1.000         1.000         1.000         1.000
 FOSTER         1.000         1.000         1.000         1.000         1.000
 PSYHLTH        1.000         1.000         1.000         1.000         1.000
 CHGYLS         1.000         1.000         1.000         1.000         1.000


           Covariance Coverage
              INNYLSS       OUTYLSS       MID           NORTH         AGE
              ________      ________      ________      ________      ________
 INNYLSS        1.000
 OUTYLSS        1.000         1.000
 MID            1.000         1.000         1.000
 NORTH          1.000         1.000         1.000         1.000
 AGE            1.000         1.000         1.000         1.000         1.000
 FEMALE         1.000         1.000         1.000         1.000         1.000
 IMMI1          1.000         1.000         1.000         1.000         1.000
 IMMI2          1.000         1.000         1.000         1.000         1.000
 TAMR           1.000         1.000         1.000         1.000         1.000
 PRIOR          1.000         1.000         1.000         1.000         1.000
 INSTI          1.000         1.000         1.000         1.000         1.000
 FOSTER         1.000         1.000         1.000         1.000         1.000
 PSYHLTH        1.000         1.000         1.000         1.000         1.000
 CHGYLS         1.000         1.000         1.000         1.000         1.000


           Covariance Coverage
              FEMALE        IMMI1         IMMI2         TAMR          PRIOR
              ________      ________      ________      ________      ________
 FEMALE         1.000
 IMMI1          1.000         1.000
 IMMI2          1.000         1.000         1.000
 TAMR           1.000         1.000         1.000         1.000
 PRIOR          1.000         1.000         1.000         1.000         1.000
 INSTI          1.000         1.000         1.000         1.000         1.000
 FOSTER         1.000         1.000         1.000         1.000         1.000
 PSYHLTH        1.000         1.000         1.000         1.000         1.000
 CHGYLS         1.000         1.000         1.000         1.000         1.000


           Covariance Coverage
              INSTI         FOSTER        PSYHLTH       CHGYLS
              ________      ________      ________      ________
 INSTI          1.000
 FOSTER         1.000         1.000
 PSYHLTH        1.000         1.000         1.000
 CHGYLS         1.000         1.000         1.000         1.000


     PROPORTION OF DATA PRESENT FOR AFTER


           Covariance Coverage
              INNSUM        OUTSUM        SUM6          SUM12         SUM18
              ________      ________      ________      ________      ________
 INNSUM         1.000
 OUTSUM         1.000         1.000
 SUM6           1.000         1.000         1.000
 SUM12          1.000         1.000         1.000         1.000
 SUM18          1.000         1.000         1.000         1.000         1.000
 INNYLSS        1.000         1.000         1.000         1.000         1.000
 OUTYLSS        1.000         1.000         1.000         1.000         1.000
 MID            1.000         1.000         1.000         1.000         1.000
 NORTH          1.000         1.000         1.000         1.000         1.000
 AGE            1.000         1.000         1.000         1.000         1.000
 FEMALE         1.000         1.000         1.000         1.000         1.000
 IMMI1          1.000         1.000         1.000         1.000         1.000
 IMMI2          1.000         1.000         1.000         1.000         1.000
 TAMR           1.000         1.000         1.000         1.000         1.000
 PRIOR          1.000         1.000         1.000         1.000         1.000
 INSTI          1.000         1.000         1.000         1.000         1.000
 FOSTER         1.000         1.000         1.000         1.000         1.000
 PSYHLTH        1.000         1.000         1.000         1.000         1.000
 CHGYLS         1.000         1.000         1.000         1.000         1.000


           Covariance Coverage
              INNYLSS       OUTYLSS       MID           NORTH         AGE
              ________      ________      ________      ________      ________
 INNYLSS        1.000
 OUTYLSS        1.000         1.000
 MID            1.000         1.000         1.000
 NORTH          1.000         1.000         1.000         1.000
 AGE            1.000         1.000         1.000         1.000         1.000
 FEMALE         1.000         1.000         1.000         1.000         1.000
 IMMI1          1.000         1.000         1.000         1.000         1.000
 IMMI2          1.000         1.000         1.000         1.000         1.000
 TAMR           1.000         1.000         1.000         1.000         1.000
 PRIOR          1.000         1.000         1.000         1.000         1.000
 INSTI          1.000         1.000         1.000         1.000         1.000
 FOSTER         1.000         1.000         1.000         1.000         1.000
 PSYHLTH        1.000         1.000         1.000         1.000         1.000
 CHGYLS         1.000         1.000         1.000         1.000         1.000


           Covariance Coverage
              FEMALE        IMMI1         IMMI2         TAMR          PRIOR
              ________      ________      ________      ________      ________
 FEMALE         1.000
 IMMI1          1.000         1.000
 IMMI2          1.000         1.000         1.000
 TAMR           1.000         1.000         1.000         1.000
 PRIOR          1.000         1.000         1.000         1.000         1.000
 INSTI          1.000         1.000         1.000         1.000         1.000
 FOSTER         1.000         1.000         1.000         1.000         1.000
 PSYHLTH        1.000         1.000         1.000         1.000         1.000
 CHGYLS         1.000         1.000         1.000         1.000         1.000


           Covariance Coverage
              INSTI         FOSTER        PSYHLTH       CHGYLS
              ________      ________      ________      ________
 INSTI          1.000
 FOSTER         1.000         1.000
 PSYHLTH        1.000         1.000         1.000
 CHGYLS         1.000         1.000         1.000         1.000



RESULTS FOR BASIC ANALYSIS

NOTE:  These are average results over 10 data sets.


     ESTIMATED SAMPLE STATISTICS FOR BEFORE


           Means
              INNSUM        OUTSUM        SUM6          SUM12         SUM18
              ________      ________      ________      ________      ________
                2.715         4.491         4.295         4.351         4.422


           Means
              INNYLSS       OUTYLSS       MID           NORTH         AGE
              ________      ________      ________      ________      ________
               18.569         8.834         0.195         0.097        12.845


           Means
              FEMALE        IMMI1         IMMI2         TAMR          PRIOR
              ________      ________      ________      ________      ________
                0.329         0.070         0.104         0.781         0.193


           Means
              INSTI         FOSTER        PSYHLTH       CHGYLS
              ________      ________      ________      ________
                0.100         0.062         0.638         9.735


           Covariances
              INNSUM        OUTSUM        SUM6          SUM12         SUM18
              ________      ________      ________      ________      ________
 INNSUM         1.072
 OUTSUM         0.269         1.113
 SUM6           0.328         0.605         1.268
 SUM12          0.230         0.413         0.880         1.016
 SUM18          0.285         0.293         0.821         0.820         1.101
 INNYLSS       -2.217        -1.023        -1.329        -0.786        -1.093
 OUTYLSS       -1.656        -4.558        -3.284        -2.285        -2.057
 MID           -0.039         0.008         0.031         0.012         0.019
 NORTH         -0.016        -0.005         0.021         0.013        -0.019
 AGE           -0.181        -0.136        -0.164        -0.177        -0.198
 FEMALE        -0.017        -0.012        -0.072        -0.029        -0.020
 IMMI1          0.008        -0.020        -0.002         0.001        -0.005
 IMMI2         -0.013        -0.012        -0.003        -0.012         0.004
 TAMR           0.013         0.030         0.010         0.026         0.013
 PRIOR          0.032         0.014        -0.029        -0.015        -0.023
 INSTI         -0.075        -0.061        -0.088        -0.073        -0.061
 FOSTER        -0.007        -0.009        -0.015        -0.031        -0.010
 PSYHLTH        0.006        -0.014        -0.068        -0.049        -0.044
 CHGYLS        -0.562         3.535         1.955         1.500         0.964


           Covariances
              INNYLSS       OUTYLSS       MID           NORTH         AGE
              ________      ________      ________      ________      ________
 INNYLSS       19.025
 OUTYLSS       12.628        36.369
 MID           -0.053         0.027         0.157
 NORTH         -0.036        -0.008        -0.019         0.087
 AGE            0.185         0.507        -0.019        -0.020         0.943
 FEMALE        -0.236        -0.126        -0.025        -0.004         0.065
 IMMI1          0.137         0.245        -0.007         0.000         0.007
 IMMI2          0.055         0.086        -0.008         0.004        -0.019
 TAMR          -0.052        -0.269         0.016         0.000        -0.010
 PRIOR         -0.033        -0.047         0.015        -0.008        -0.023
 INSTI          0.205         0.277        -0.002        -0.006         0.015
 FOSTER         0.000         0.028        -0.001        -0.001         0.010
 PSYHLTH        0.055         0.181        -0.019        -0.005        -0.017
 CHGYLS         6.398       -23.741        -0.080        -0.028        -0.322


           Covariances
              FEMALE        IMMI1         IMMI2         TAMR          PRIOR
              ________      ________      ________      ________      ________
 FEMALE         0.221
 IMMI1         -0.009         0.065
 IMMI2          0.001        -0.007         0.093
 TAMR          -0.008        -0.003        -0.002         0.050
 PRIOR         -0.020        -0.007         0.001         0.001         0.156
 INSTI          0.007         0.004         0.005        -0.003        -0.004
 FOSTER        -0.001        -0.001        -0.001         0.000        -0.001
 PSYHLTH        0.022        -0.013        -0.017        -0.006         0.019
 CHGYLS        -0.110        -0.108        -0.031         0.217         0.014


           Covariances
              INSTI         FOSTER        PSYHLTH       CHGYLS
              ________      ________      ________      ________
 INSTI          0.090
 FOSTER         0.004         0.058
 PSYHLTH        0.017         0.012         0.231
 CHGYLS        -0.072        -0.028        -0.126        30.140


           Correlations
              INNSUM        OUTSUM        SUM6          SUM12         SUM18
              ________      ________      ________      ________      ________
 INNSUM         1.000
 OUTSUM         0.247         1.000
 SUM6           0.281         0.509         1.000
 SUM12          0.220         0.389         0.775         1.000
 SUM18          0.262         0.265         0.695         0.775         1.000
 INNYLSS       -0.491        -0.222        -0.271        -0.179        -0.239
 OUTYLSS       -0.265        -0.716        -0.484        -0.376        -0.325
 MID           -0.096         0.020         0.070         0.030         0.046
 NORTH         -0.054        -0.017         0.062         0.044        -0.060
 AGE           -0.180        -0.133        -0.150        -0.181        -0.194
 FEMALE        -0.035        -0.024        -0.137        -0.060        -0.040
 IMMI1          0.029        -0.076        -0.006         0.005        -0.018
 IMMI2         -0.040        -0.038        -0.008        -0.040         0.011
 TAMR           0.056         0.129         0.038         0.118         0.055
 PRIOR          0.079         0.034        -0.066        -0.039        -0.055
 INSTI         -0.242        -0.194        -0.262        -0.240        -0.193
 FOSTER        -0.029        -0.036        -0.054        -0.128        -0.039
 PSYHLTH        0.012        -0.027        -0.126        -0.101        -0.088
 CHGYLS        -0.099         0.610         0.316         0.271         0.167


           Correlations
              INNYLSS       OUTYLSS       MID           NORTH         AGE
              ________      ________      ________      ________      ________
 INNYLSS        1.000
 OUTYLSS        0.480         1.000
 MID           -0.031         0.011         1.000
 NORTH         -0.028        -0.004        -0.161         1.000
 AGE            0.044         0.087        -0.049        -0.070         1.000
 FEMALE        -0.115        -0.045        -0.137        -0.026         0.142
 IMMI1          0.123         0.159        -0.066         0.003         0.030
 IMMI2          0.042         0.047        -0.066         0.045        -0.065
 TAMR          -0.053        -0.200         0.179         0.005        -0.047
 PRIOR         -0.019        -0.020         0.096        -0.070        -0.060
 INSTI          0.156         0.153        -0.017        -0.070         0.053
 FOSTER         0.000         0.019        -0.015        -0.009         0.041
 PSYHLTH        0.026         0.062        -0.100        -0.038        -0.037
 CHGYLS         0.267        -0.717        -0.037        -0.017        -0.060


           Correlations
              FEMALE        IMMI1         IMMI2         TAMR          PRIOR
              ________      ________      ________      ________      ________
 FEMALE         1.000
 IMMI1         -0.075         1.000
 IMMI2          0.007        -0.094         1.000
 TAMR          -0.079        -0.044        -0.035         1.000
 PRIOR         -0.106        -0.065         0.009         0.008         1.000
 INSTI          0.053         0.046         0.059        -0.048        -0.030
 FOSTER        -0.008        -0.013        -0.015        -0.002        -0.014
 PSYHLTH        0.099        -0.108        -0.116        -0.056         0.100
 CHGYLS        -0.043        -0.077        -0.018         0.178         0.007


           Correlations
              INSTI         FOSTER        PSYHLTH       CHGYLS
              ________      ________      ________      ________
 INSTI          1.000
 FOSTER         0.061         1.000
 PSYHLTH        0.117         0.102         1.000
 CHGYLS        -0.044        -0.021        -0.048         1.000


     ESTIMATED SAMPLE STATISTICS FOR DURING


           Means
              INNSUM        OUTSUM        SUM6          SUM12         SUM18
              ________      ________      ________      ________      ________
                2.452         4.320         4.247         4.175         4.365


           Means
              INNYLSS       OUTYLSS       MID           NORTH         AGE
              ________      ________      ________      ________      ________
               18.492         9.010         0.165         0.087        14.234


           Means
              FEMALE        IMMI1         IMMI2         TAMR          PRIOR
              ________      ________      ________      ________      ________
                0.408         0.110         0.085         0.764         0.184


           Means
              INSTI         FOSTER        PSYHLTH       CHGYLS
              ________      ________      ________      ________
                0.142         0.084         0.653         9.481


           Covariances
              INNSUM        OUTSUM        SUM6          SUM12         SUM18
              ________      ________      ________      ________      ________
 INNSUM         1.202
 OUTSUM         0.398         1.360
 SUM6           0.390         0.679         1.119
 SUM12          0.385         1.008         0.943         1.538
 SUM18          0.377         0.695         0.735         1.050         1.140
 INNYLSS       -2.922        -1.337        -1.498        -1.582        -1.359
 OUTYLSS       -2.253        -5.175        -3.279        -4.178        -3.127
 MID           -0.042        -0.009         0.021         0.019        -0.010
 NORTH          0.003        -0.004        -0.006        -0.014        -0.024
 AGE           -0.131        -0.065        -0.037        -0.045        -0.097
 FEMALE         0.103         0.050        -0.023         0.040         0.011
 IMMI1         -0.014        -0.003        -0.012         0.011        -0.009
 IMMI2         -0.019        -0.023        -0.018        -0.018        -0.017
 TAMR           0.019         0.031         0.026         0.033         0.024
 PRIOR          0.030         0.007        -0.004         0.004        -0.021
 INSTI         -0.101        -0.096        -0.089        -0.100        -0.081
 FOSTER         0.017        -0.025        -0.003        -0.017        -0.001
 PSYHLTH        0.031        -0.017        -0.020         0.003        -0.020
 CHGYLS        -0.672         3.837         1.780         2.594         1.766


           Covariances
              INNYLSS       OUTYLSS       MID           NORTH         AGE
              ________      ________      ________      ________      ________
 INNYLSS       23.356
 OUTYLSS       15.610        39.666
 MID           -0.041         0.072         0.137
 NORTH         -0.027         0.077        -0.014         0.080
 AGE            0.103         0.192        -0.021         0.002         0.773
 FEMALE        -0.501        -0.428        -0.007         0.000         0.024
 IMMI1          0.111         0.075        -0.008        -0.005         0.023
 IMMI2          0.001         0.079        -0.001         0.004         0.014
 TAMR          -0.075        -0.216         0.014         0.004        -0.006
 PRIOR         -0.065        -0.058         0.007        -0.001         0.015
 INSTI          0.204         0.398        -0.001        -0.003         0.010
 FOSTER        -0.041         0.077         0.007         0.001        -0.003
 PSYHLTH        0.083         0.255         0.001        -0.004        -0.033
 CHGYLS         7.748       -24.046        -0.112        -0.104        -0.089


           Covariances
              FEMALE        IMMI1         IMMI2         TAMR          PRIOR
              ________      ________      ________      ________      ________
 FEMALE         0.242
 IMMI1          0.004         0.098
 IMMI2         -0.004        -0.009         0.078
 TAMR          -0.006        -0.013        -0.002         0.049
 PRIOR         -0.009        -0.006        -0.009         0.011         0.150
 INSTI          0.002         0.009         0.002        -0.009         0.008
 FOSTER         0.006        -0.001        -0.002         0.000        -0.003
 PSYHLTH        0.043        -0.031        -0.024        -0.008         0.027
 CHGYLS        -0.073         0.035        -0.078         0.141        -0.007


           Covariances
              INSTI         FOSTER        PSYHLTH       CHGYLS
              ________      ________      ________      ________
 INSTI          0.122
 FOSTER         0.009         0.077
 PSYHLTH        0.007         0.008         0.227
 CHGYLS        -0.193        -0.118        -0.172        31.790


           Correlations
              INNSUM        OUTSUM        SUM6          SUM12         SUM18
              ________      ________      ________      ________      ________
 INNSUM         1.000
 OUTSUM         0.311         1.000
 SUM6           0.336         0.550         1.000
 SUM12          0.283         0.697         0.719         1.000
 SUM18          0.322         0.558         0.651         0.793         1.000
 INNYLSS       -0.551        -0.237        -0.293        -0.264        -0.263
 OUTYLSS       -0.326        -0.705        -0.492        -0.535        -0.465
 MID           -0.103        -0.020         0.053         0.041        -0.026
 NORTH          0.008        -0.014        -0.021        -0.039        -0.078
 AGE           -0.136        -0.064        -0.040        -0.041        -0.103
 FEMALE         0.191         0.087        -0.044         0.066         0.021
 IMMI1         -0.041        -0.008        -0.035         0.029        -0.028
 IMMI2         -0.063        -0.069        -0.060        -0.052        -0.057
 TAMR           0.077         0.119         0.113         0.120         0.103
 PRIOR          0.070         0.017        -0.011         0.008        -0.051
 INSTI         -0.264        -0.235        -0.241        -0.231        -0.219
 FOSTER         0.056        -0.078        -0.011        -0.049        -0.002
 PSYHLTH        0.059        -0.030        -0.039         0.006        -0.039
 CHGYLS        -0.109         0.583         0.298         0.371         0.293


           Correlations
              INNYLSS       OUTYLSS       MID           NORTH         AGE
              ________      ________      ________      ________      ________
 INNYLSS        1.000
 OUTYLSS        0.513         1.000
 MID           -0.023         0.031         1.000
 NORTH         -0.020         0.043        -0.137         1.000
 AGE            0.024         0.035        -0.064         0.009         1.000
 FEMALE        -0.211        -0.138        -0.041         0.000         0.055
 IMMI1          0.073         0.038        -0.072        -0.053         0.083
 IMMI2          0.001         0.045        -0.011         0.049         0.056
 TAMR          -0.070        -0.155         0.165         0.062        -0.029
 PRIOR         -0.035        -0.024         0.048        -0.014         0.044
 INSTI          0.121         0.181        -0.006        -0.027         0.034
 FOSTER        -0.031         0.044         0.070         0.010        -0.014
 PSYHLTH        0.036         0.085         0.003        -0.027        -0.080
 CHGYLS         0.284        -0.677        -0.054        -0.065        -0.018


           Correlations
              FEMALE        IMMI1         IMMI2         TAMR          PRIOR
              ________      ________      ________      ________      ________
 FEMALE         1.000
 IMMI1          0.024         1.000
 IMMI2         -0.031        -0.107         1.000
 TAMR          -0.059        -0.185        -0.036         1.000
 PRIOR         -0.047        -0.047        -0.086         0.125         1.000
 INSTI          0.010         0.079         0.024        -0.113         0.057
 FOSTER         0.045        -0.013        -0.030         0.002        -0.023
 PSYHLTH        0.184        -0.211        -0.177        -0.073         0.145
 CHGYLS        -0.026         0.020        -0.049         0.113        -0.003


           Correlations
              INSTI         FOSTER        PSYHLTH       CHGYLS
              ________      ________      ________      ________
 INSTI          1.000
 FOSTER         0.094         1.000
 PSYHLTH        0.044         0.062         1.000
 CHGYLS        -0.098        -0.075        -0.064         1.000


     ESTIMATED SAMPLE STATISTICS FOR AFTER


           Means
              INNSUM        OUTSUM        SUM6          SUM12         SUM18
              ________      ________      ________      ________      ________
                2.266         4.231         4.269         4.387         4.351


           Means
              INNYLSS       OUTYLSS       MID           NORTH         AGE
              ________      ________      ________      ________      ________
               18.754         8.893         0.138         0.073        15.419


           Means
              FEMALE        IMMI1         IMMI2         TAMR          PRIOR
              ________      ________      ________      ________      ________
                0.361         0.132         0.084         0.746         0.209


           Means
              INSTI         FOSTER        PSYHLTH       CHGYLS
              ________      ________      ________      ________
                0.200         0.097         0.633         9.861


           Covariances
              INNSUM        OUTSUM        SUM6          SUM12         SUM18
              ________      ________      ________      ________      ________
 INNSUM         1.214
 OUTSUM         0.420         1.574
 SUM6           0.309         0.755         1.131
 SUM12          0.181         0.327         0.693         1.050
 SUM18          0.201         0.465         0.653         0.703         0.913
 INNYLSS       -3.090        -1.927        -1.793        -1.103        -0.975
 OUTYLSS       -2.513        -6.750        -4.007        -2.142        -2.530
 MID           -0.043        -0.009         0.004        -0.010        -0.006
 NORTH          0.031        -0.002        -0.012        -0.012        -0.012
 AGE           -0.351        -0.331        -0.172        -0.148        -0.156
 FEMALE         0.097         0.041         0.002        -0.015        -0.012
 IMMI1         -0.039        -0.043        -0.018        -0.027        -0.023
 IMMI2         -0.021        -0.009        -0.003         0.024         0.016
 TAMR          -0.012         0.041         0.012         0.001         0.015
 PRIOR         -0.004        -0.022        -0.031        -0.031        -0.026
 INSTI         -0.152        -0.098        -0.069        -0.041        -0.073
 FOSTER         0.005         0.000         0.003        -0.007        -0.007
 PSYHLTH        0.010        -0.005        -0.030        -0.011        -0.006
 CHGYLS        -0.574         4.823         2.214         1.039         1.555


           Covariances
              INNYLSS       OUTYLSS       MID           NORTH         AGE
              ________      ________      ________      ________      ________
 INNYLSS       27.150
 OUTYLSS       19.066        48.722
 MID            0.005         0.091         0.119
 NORTH         -0.078         0.008        -0.010         0.068
 AGE            0.653         1.364        -0.020        -0.040         2.299
 FEMALE        -0.339        -0.201        -0.004         0.002         0.010
 IMMI1          0.140         0.268        -0.005        -0.007         0.049
 IMMI2          0.016         0.070        -0.003         0.001        -0.008
 TAMR          -0.021        -0.313         0.011         0.000        -0.006
 PRIOR         -0.025         0.113         0.012        -0.001        -0.019
 INSTI          0.386         0.582         0.000        -0.006         0.067
 FOSTER        -0.049         0.046         0.000         0.001        -0.002
 PSYHLTH        0.071         0.273         0.003        -0.009        -0.021
 CHGYLS         8.078       -29.662        -0.086        -0.086        -0.713


           Covariances
              FEMALE        IMMI1         IMMI2         TAMR          PRIOR
              ________      ________      ________      ________      ________
 FEMALE         0.231
 IMMI1         -0.012         0.115
 IMMI2          0.002        -0.011         0.077
 TAMR           0.003        -0.004        -0.004         0.058
 PRIOR         -0.014        -0.004        -0.008         0.005         0.165
 INSTI         -0.007         0.005         0.004        -0.002         0.016
 FOSTER         0.005         0.003        -0.001        -0.004        -0.001
 PSYHLTH        0.023        -0.024        -0.010         0.002         0.014
 CHGYLS        -0.138        -0.128        -0.054         0.291        -0.138


           Covariances
              INSTI         FOSTER        PSYHLTH       CHGYLS
              ________      ________      ________      ________
 INSTI          0.160
 FOSTER         0.003         0.088
 PSYHLTH        0.013         0.013         0.232
 CHGYLS        -0.196        -0.096        -0.202        37.742


           Correlations
              INNSUM        OUTSUM        SUM6          SUM12         SUM18
              ________      ________      ________      ________      ________
 INNSUM         1.000
 OUTSUM         0.304         1.000
 SUM6           0.264         0.566         1.000
 SUM12          0.160         0.255         0.636         1.000
 SUM18          0.191         0.388         0.642         0.718         1.000
 INNYLSS       -0.538        -0.295        -0.324        -0.207        -0.196
 OUTYLSS       -0.327        -0.771        -0.540        -0.299        -0.379
 MID           -0.112        -0.020         0.010        -0.029        -0.019
 NORTH          0.108        -0.008        -0.042        -0.045        -0.049
 AGE           -0.210        -0.174        -0.107        -0.095        -0.107
 FEMALE         0.182         0.068         0.004        -0.029        -0.026
 IMMI1         -0.104        -0.100        -0.051        -0.078        -0.073
 IMMI2         -0.069        -0.026        -0.012         0.083         0.061
 TAMR          -0.044         0.134         0.046         0.004         0.063
 PRIOR         -0.009        -0.043        -0.072        -0.074        -0.067
 INSTI         -0.344        -0.195        -0.163        -0.101        -0.190
 FOSTER         0.016         0.001         0.011        -0.023        -0.024
 PSYHLTH        0.018        -0.008        -0.059        -0.023        -0.014
 CHGYLS        -0.085         0.626         0.339         0.165         0.265


           Correlations
              INNYLSS       OUTYLSS       MID           NORTH         AGE
              ________      ________      ________      ________      ________
 INNYLSS        1.000
 OUTYLSS        0.524         1.000
 MID            0.003         0.038         1.000
 NORTH         -0.057         0.005        -0.113         1.000
 AGE            0.083         0.129        -0.037        -0.102         1.000
 FEMALE        -0.136        -0.060        -0.025         0.019         0.013
 IMMI1          0.079         0.113        -0.043        -0.083         0.096
 IMMI2          0.011         0.036        -0.034         0.014        -0.018
 TAMR          -0.017        -0.185         0.130        -0.007        -0.018
 PRIOR         -0.012         0.040         0.085        -0.009        -0.031
 INSTI          0.185         0.209         0.000        -0.060         0.110
 FOSTER        -0.032         0.022        -0.002         0.017        -0.005
 PSYHLTH        0.028         0.081         0.016        -0.073        -0.028
 CHGYLS         0.252        -0.692        -0.040        -0.054        -0.077


           Correlations
              FEMALE        IMMI1         IMMI2         TAMR          PRIOR
              ________      ________      ________      ________      ________
 FEMALE         1.000
 IMMI1         -0.071         1.000
 IMMI2          0.016        -0.118         1.000
 TAMR           0.029        -0.046        -0.054         1.000
 PRIOR         -0.072        -0.026        -0.071         0.048         1.000
 INSTI         -0.037         0.036         0.033        -0.017         0.098
 FOSTER         0.032         0.027        -0.012        -0.053        -0.009
 PSYHLTH        0.099        -0.145        -0.075         0.016         0.072
 CHGYLS        -0.047        -0.062        -0.032         0.196        -0.055


           Correlations
              INSTI         FOSTER        PSYHLTH       CHGYLS
              ________      ________      ________      ________
 INSTI          1.000
 FOSTER         0.029         1.000
 PSYHLTH        0.068         0.090         1.000
 CHGYLS        -0.080        -0.053        -0.068         1.000


UNIVARIATE SAMPLE STATISTICS


     UNIVARIATE HIGHER-ORDER MOMENT DESCRIPTIVE STATISTICS FOR BEFORE

         Variable/         Mean/     Skewness/   Minimum/ % with                Percentiles
        Sample Size      Variance    Kurtosis    Maximum  Min/Max      20%/60%    40%/80%    Median

     INNSUM                2.715      -0.199       0.000    1.05%       2.000      3.000      3.000
             569.000       1.072      -0.454       5.000    2.28%       3.000      4.000
     OUTSUM                4.490      -2.625       0.000    2.12%       4.000      5.000      5.000
             567.000       1.114       6.947       5.000   72.13%       5.000      5.000
     SUM6                  4.448      -2.417       0.000    1.78%       4.000      5.000      5.000
             393.000       1.041       6.209       5.000   67.18%       5.000      5.000
     SUM12                 4.533      -2.544       0.000    1.10%       4.000      5.000      5.000
             362.000       0.812       7.530       5.000   70.72%       5.000      5.000
     SUM18                 4.576      -2.954       0.000    1.62%       4.000      5.000      5.000
             309.000       0.911       9.349       5.000   75.73%       5.000      5.000
     INNYLSS              18.569       0.070       4.000    0.18%      15.000     17.000     18.000
             569.000      19.025       0.174      31.000    0.18%      19.000     22.000
     OUTYLSS               8.832       1.107       0.000    1.76%       4.000      6.000      7.000
             567.000      36.365       1.047      31.000    0.35%       9.000     13.000
     MID                   0.195       1.539       0.000   80.49%       0.000      0.000      0.000
             569.000       0.157       0.368       1.000   19.51%       0.000      0.000
     NORTH                 0.097       2.730       0.000   90.33%       0.000      0.000      0.000
             569.000       0.087       5.452       1.000    9.67%       0.000      0.000
     AGE                  12.845       0.440       9.000    0.18%      12.000     13.000     13.000
             569.000       0.943       5.216      18.000    0.70%      13.000     14.000
     FEMALE                0.329       0.730       0.000   67.14%       0.000      0.000      0.000
             569.000       0.221      -1.468       1.000   32.86%       0.000      1.000
     IMMI1                 0.070       3.362       0.000   92.97%       0.000      0.000      0.000
             569.000       0.065       9.301       1.000    7.03%       0.000      0.000
     IMMI2                 0.104       2.600       0.000   89.63%       0.000      0.000      0.000
             569.000       0.093       4.760       1.000   10.37%       0.000      0.000
     TAMR                  0.783      -1.440       0.000    0.64%       0.640      0.810      0.860
             469.000       0.049       1.620       1.000    6.40%       0.900      0.960
     PRIOR                 0.193       1.553       0.000   80.67%       0.000      0.000      0.000
             569.000       0.156       0.412       1.000   19.33%       0.000      0.000
     INSTI                 0.100       2.663       0.000   89.98%       0.000      0.000      0.000
             569.000       0.090       5.094       1.000   10.02%       0.000      0.000
     FOSTER                0.062       3.650       0.000   93.85%       0.000      0.000      0.000
             569.000       0.058      11.323       1.000    6.15%       0.000      0.000
     PSYHLTH               0.638      -0.574       0.000   36.20%       0.000      1.000      1.000
             569.000       0.231      -1.670       1.000   63.80%       1.000      1.000
     CHGYLS                9.732      -0.196      -6.000    0.53%       5.000      9.000     10.000
             567.000      30.150      -0.119      24.000    0.35%      11.000     14.000


     UNIVARIATE HIGHER-ORDER MOMENT DESCRIPTIVE STATISTICS FOR DURING

         Variable/         Mean/     Skewness/   Minimum/ % with                Percentiles
        Sample Size      Variance    Kurtosis    Maximum  Min/Max      20%/60%    40%/80%    Median

     INNSUM                2.452       0.072       0.000    2.26%       1.000      2.000      2.000
             620.000       1.202      -0.502       5.000    2.58%       3.000      3.000
     OUTSUM                4.318      -1.917       0.000    1.62%       4.000      5.000      5.000
             616.000       1.363       3.086       5.000   64.94%       5.000      5.000
     SUM6                  4.460      -2.080       0.000    0.50%       4.000      5.000      5.000
             400.000       0.833       4.694       5.000   65.25%       5.000      5.000
     SUM12                 4.499      -2.404       0.000    1.13%       4.000      5.000      5.000
             355.000       0.909       6.253       5.000   69.86%       5.000      5.000
     SUM18                 4.557      -2.815       0.000    1.58%       4.000      5.000      5.000
             316.000       0.911       8.597       5.000   74.37%       5.000      5.000
     INNYLSS              18.492       0.107       4.000    0.32%      15.000     17.000     18.000
             620.000      23.356       0.152      34.000    0.16%      20.000     22.000
     OUTYLSS               9.012       0.934       0.000    1.98%       3.000      6.000      8.000
             607.000      39.764       0.503      30.000    0.33%       9.000     13.000
     MID                   0.165       1.810       0.000   83.55%       0.000      0.000      0.000
             620.000       0.137       1.275       1.000   16.45%       0.000      0.000
     NORTH                 0.087       2.929       0.000   91.29%       0.000      0.000      0.000
             620.000       0.080       6.577       1.000    8.71%       0.000      0.000
     AGE                  14.234      -2.852       8.000    0.16%      14.000     14.000     14.000
             620.000       0.773      12.109      15.000   36.45%      14.000     15.000
     FEMALE                0.408       0.374       0.000   59.19%       0.000      0.000      0.000
             620.000       0.242      -1.860       1.000   40.81%       1.000      1.000
     IMMI1                 0.110       2.498       0.000   89.03%       0.000      0.000      0.000
             620.000       0.098       4.241       1.000   10.97%       0.000      0.000
     IMMI2                 0.085       2.965       0.000   91.45%       0.000      0.000      0.000
             620.000       0.078       6.792       1.000    8.55%       0.000      0.000
     TAMR                  0.772      -1.437       0.000    0.21%       0.630      0.810      0.850
             483.000       0.048       1.598       1.000    4.97%       0.880      0.950
     PRIOR                 0.184       1.632       0.000   81.61%       0.000      0.000      0.000
             620.000       0.150       0.664       1.000   18.39%       0.000      0.000
     INSTI                 0.142       2.052       0.000   85.81%       0.000      0.000      0.000
             620.000       0.122       2.211       1.000   14.19%       0.000      0.000
     FOSTER                0.084       3.002       0.000   91.61%       0.000      0.000      0.000
             620.000       0.077       7.015       1.000    8.39%       0.000      0.000
     PSYHLTH               0.653      -0.644       0.000   34.68%       0.000      1.000      1.000
             620.000       0.227      -1.585       1.000   65.32%       1.000      1.000
     CHGYLS                9.532      -0.040      -4.000    0.33%       4.000      9.000     10.000
             607.000      31.541      -0.285      29.000    0.16%      11.000     14.000


     UNIVARIATE HIGHER-ORDER MOMENT DESCRIPTIVE STATISTICS FOR AFTER

         Variable/         Mean/     Skewness/   Minimum/ % with                Percentiles
        Sample Size      Variance    Kurtosis    Maximum  Min/Max      20%/60%    40%/80%    Median

     INNSUM                2.266       0.022       0.000    4.81%       1.000      2.000      2.000
             832.000       1.214      -0.448       5.000    1.56%       3.000      3.000
     OUTSUM                4.233      -1.778       0.000    2.55%       4.000      5.000      5.000
             825.000       1.563       2.458       5.000   62.30%       5.000      5.000
     SUM6                  4.483      -2.164       0.000    0.40%       4.000      5.000      5.000
             501.000       0.853       4.865       5.000   67.86%       5.000      5.000
     SUM12                 4.493      -2.418       0.000    1.28%       4.000      5.000      5.000
             467.000       0.987       6.011       5.000   70.88%       5.000      5.000
     SUM18                 4.551      -2.244       0.000    0.26%       4.000      5.000      5.000
             381.000       0.709       5.326       5.000   70.87%       5.000      5.000
     INNYLSS              18.754       0.094       0.000    0.24%      14.000     17.000     18.000
             832.000      27.150      -0.001      34.000    0.12%      20.000     23.000
     OUTYLSS               8.856       1.186       0.000    3.16%       3.000      6.000      7.000
             822.000      47.775       0.983      34.000    0.12%       8.000     14.000
     MID                   0.138       2.096       0.000   86.18%       0.000      0.000      0.000
             832.000       0.119       2.395       1.000   13.82%       0.000      0.000
     NORTH                 0.073       3.274       0.000   92.67%       0.000      0.000      0.000
             832.000       0.068       8.718       1.000    7.33%       0.000      0.000
     AGE                  15.419      -2.247       7.000    0.12%      15.000     15.000     16.000
             832.000       2.299       5.869      17.000   17.55%      16.000     16.000
     FEMALE                0.361       0.581       0.000   63.94%       0.000      0.000      0.000
             832.000       0.231      -1.663       1.000   36.06%       0.000      1.000
     IMMI1                 0.132       2.172       0.000   86.78%       0.000      0.000      0.000
             832.000       0.115       2.716       1.000   13.22%       0.000      0.000
     IMMI2                 0.084       2.996       0.000   91.59%       0.000      0.000      0.000
             832.000       0.077       6.978       1.000    8.41%       0.000      0.000
     TAMR                  0.749      -1.234       0.000    0.83%       0.550      0.770      0.830
             605.000       0.058       0.850       1.000    5.79%       0.880      0.950
     PRIOR                 0.209       1.430       0.000   79.09%       0.000      0.000      0.000
             832.000       0.165       0.046       1.000   20.91%       0.000      1.000
     INSTI                 0.200       1.504       0.000   80.05%       0.000      0.000      0.000
             832.000       0.160       0.261       1.000   19.95%       0.000      0.000
     FOSTER                0.097       2.717       0.000   90.26%       0.000      0.000      0.000
             832.000       0.088       5.379       1.000    9.74%       0.000      0.000
     PSYHLTH               0.633      -0.554       0.000   36.66%       0.000      1.000      1.000
             832.000       0.232      -1.693       1.000   63.34%       1.000      1.000
     CHGYLS                9.900      -0.049     -14.000    0.12%       5.000      9.000     10.000
             822.000      37.379       0.052      27.000    0.49%      11.000     15.000


SAVEDATA INFORMATION


  Save file
    mst_0_desc_*.dat

  Order of variables

    INNSUM
    OUTSUM
    SUM6
    SUM12
    SUM18
    INNYLSS
    OUTYLSS
    MID
    NORTH
    AGE
    FEMALE
    IMMI1
    IMMI2
    TAMR
    PRIOR
    INSTI
    FOSTER
    PSYHLTH
    CHGYLS
    AGECOH

  Save file format           Free

  Save file record length    10000

  Save missing symbol        *


     Beginning Time:  15:38:29
        Ending Time:  15:38:42
       Elapsed Time:  00:00:13



MUTHEN & MUTHEN
3463 Stoner Ave.
Los Angeles, CA  90066

Tel: (310) 391-9971
Fax: (310) 391-8971
Web: www.StatModel.com
Support: Support@StatModel.com

Copyright (c) 1998-2023 Muthen & Muthen
