Mplus VERSION 8.9
MUTHEN & MUTHEN
04/27/2023   3:38 PM

INPUT INSTRUCTIONS

  TITLE:
      Exploratory analysis of MST effectiveness during COVID-19
      Descriptive statistics: whole sample

  DATA:
      file = "MST.dat";

  VARIABLE:
      names =
          ! Var # 1--8                            ! Admin var
          agecoh ageter mid north age compstat compbin trmtleng
          ! Var # 9--12                           ! Demographic
          immi1 immi2 female country
          ! Var # 13--19                          ! Treament var
          travel travbin tamr prior insti foster psyhlth
          ! Var # 20--25                          ! Admission (T0)
          innhome innvio innsch innlaw inndrug innsum
          ! Var # 26--34
          innyls1 innyls2 innyls3 innyls4 innyls5
          innyls6 innyls7 innyls8 innylss
          ! Var # 35--40                          ! Discharge (T1)
          outhome outvio outsch outlaw outdrug outsum
          ! Var # 41--49
          outyls1 outyls2 outyls3 outyls4 outyls5
          outyls6 outyls7 outyls8 outylss
          ! Var # 50--55                          ! Follow-ups
          home6 vio6 sch6 law6 drug6 sum6         ! 6-month (T2)
          ! Var # 56--61
          home12 vio12 sch12 law12 drug12 sum12   ! 12-month (T3)
          ! Var # 62--67
          home18 vio18 sch18 law18 drug18 sum18   ! 18-month (T4)
          ! Var # 68--73
          t0 t1 t2 t3 t4 chgyls                   ! Additional var
          ;

      usevar =
          innsum outsum sum6 sum12 sum18
          innylss outylss
          mid north age female immi1 immi2
          tamr prior insti foster psyhlth chgyls
          ;

      missing = all (-999);

  DATA IMPUTATION:
      impute =
          innsum outsum sum6 sum12 sum18
          innylss outylss
          mid north age female immi1 immi2
          tamr prior insti foster psyhlth chgyls
          ;

      ndatasets = 10;

      save = mst_0_desc_*.dat;

  ANALYSIS:
      type = basic;

  OUTPUT:
      sampstat;



INPUT READING TERMINATED NORMALLY




Exploratory analysis of MST effectiveness during COVID-19
Descriptive statistics: whole sample

SUMMARY OF ANALYSIS

Number of groups                                                 1
Average number of observations                                2021

Number of replications
    Requested                                                   10
    Completed                                                   10

Number of dependent variables                                   19
Number of independent variables                                  0
Number of continuous latent variables                            0

Observed dependent variables

  Continuous
   INNSUM      OUTSUM      SUM6        SUM12       SUM18       INNYLSS
   OUTYLSS     MID         NORTH       AGE         FEMALE      IMMI1
   IMMI2       TAMR        PRIOR       INSTI       FOSTER      PSYHLTH
   CHGYLS


Variables used for imputation

  Variables imputed as continuous
   INNSUM      OUTSUM      SUM6        SUM12       SUM18       INNYLSS
   OUTYLSS     MID         NORTH       AGE         FEMALE      IMMI1
   IMMI2       TAMR        PRIOR       INSTI       FOSTER      PSYHLTH
   CHGYLS


Estimator                                                       ML
Information matrix                                        OBSERVED
Maximum number of iterations                                  1000
Convergence criterion                                    0.500D-04
Maximum number of steepest descent iterations                   20
Maximum number of iterations for H1                           2000
Convergence criterion for H1                             0.100D-03
Specifications for Bayesian Estimation
  Point estimate                                            MEDIAN
  Number of Markov chain Monte Carlo (MCMC) chains               2
  Random seed for the first chain                                0
  Starting value information                           UNPERTURBED
  Algorithm used for Markov chain Monte Carlo           GIBBS(PX1)
  Convergence criterion                                  0.500D-01
  Maximum number of iterations                               50000
  K-th iteration used for thinning                               1
Specifications for Data Imputation
  Number of imputed data sets                                   10
  H1 imputation model type                              COVARIANCE
  Iteration intervals for thinning                             100

Input data file(s)
  MST.dat

Input data format  FREE


UNIVARIATE SAMPLE STATISTICS


     UNIVARIATE HIGHER-ORDER MOMENT DESCRIPTIVE STATISTICS

         Variable/         Mean/     Skewness/   Minimum/ % with                Percentiles
        Sample Size      Variance    Kurtosis    Maximum  Min/Max      20%/60%    40%/80%    Median

     INNSUM                2.449      -0.038       0.000    2.97%       1.000      2.000      2.000
            2021.000       1.204      -0.492       5.000    2.08%       3.000      3.000
     OUTSUM                4.332      -2.018       0.000    2.14%       4.000      5.000      5.000
            2008.000       1.386       3.549       5.000   65.89%       5.000      5.000
     SUM6                  4.465      -2.247       0.000    0.85%       4.000      5.000      5.000
            1294.000       0.904       5.460       5.000   66.85%       5.000      5.000
     SUM12                 4.507      -2.455       0.000    1.18%       4.000      5.000      5.000
            1184.000       0.910       6.522       5.000   70.52%       5.000      5.000
     SUM18                 4.561      -2.705       0.000    1.09%       4.000      5.000      5.000
            1006.000       0.835       8.109       5.000   73.46%       5.000      5.000
     INNYLSS              18.621       0.101       0.000    0.10%      15.000     17.000     18.000
            2021.000      23.712       0.137      34.000    0.10%      20.000     23.000
     OUTYLSS               8.897       1.102       0.000    2.40%       3.000      6.000      7.000
            1996.000      42.104       0.914      34.000    0.05%       9.000     13.000
     MID                   0.162       1.832       0.000   83.77%       0.000      0.000      0.000
            2021.000       0.136       1.355       1.000   16.23%       0.000      0.000
     NORTH                 0.084       2.997       0.000   91.59%       0.000      0.000      0.000
            2021.000       0.077       6.980       1.000    8.41%       0.000      0.000
     AGE                  14.331      -0.552       7.000    0.05%      13.000     14.000     14.000
            2021.000       2.561       0.330      18.000    0.20%      15.000     16.000
     FEMALE                0.366       0.556       0.000   63.38%       0.000      0.000      0.000
            2021.000       0.232      -1.691       1.000   36.62%       0.000      1.000
     IMMI1                 0.108       2.528       0.000   89.21%       0.000      0.000      0.000
            2021.000       0.096       4.392       1.000   10.79%       0.000      0.000
     IMMI2                 0.090       2.864       0.000   90.99%       0.000      0.000      0.000
            2021.000       0.082       6.203       1.000    9.01%       0.000      0.000
     TAMR                  0.766      -1.356       0.000    0.58%       0.610      0.800      0.850
            1557.000       0.052       1.287       1.000    5.72%       0.890      0.950
     PRIOR                 0.197       1.524       0.000   80.31%       0.000      0.000      0.000
            2021.000       0.158       0.323       1.000   19.69%       0.000      0.000
     INSTI                 0.154       1.918       0.000   84.61%       0.000      0.000      0.000
            2021.000       0.130       1.680       1.000   15.39%       0.000      0.000
     FOSTER                0.083       3.020       0.000   91.69%       0.000      0.000      0.000
            2021.000       0.076       7.120       1.000    8.31%       0.000      0.000
     PSYHLTH               0.641      -0.587       0.000   35.92%       0.000      1.000      1.000
            2021.000       0.230      -1.656       1.000   64.08%       1.000      1.000
     CHGYLS                9.740      -0.076     -14.000    0.05%       5.000      9.000     10.000
            1996.000      33.574      -0.050      29.000    0.05%      11.000     15.000


RESULTS FOR BASIC ANALYSIS

NOTE:  These are average results over 10 data sets.


     ESTIMATED SAMPLE STATISTICS


           Correlations
              INNSUM        OUTSUM        SUM6          SUM12         SUM18
              ________      ________      ________      ________      ________
 INNSUM         1.000
 OUTSUM         0.302         1.000
 SUM6           0.291         0.546         1.000
 SUM12          0.232         0.438         0.716         1.000
 SUM18          0.265         0.436         0.673         0.774         1.000
 INNYLSS       -0.525        -0.262        -0.306        -0.240        -0.254
 OUTYLSS       -0.308        -0.736        -0.508        -0.406        -0.421
 MID           -0.092        -0.004         0.045         0.013         0.000
 NORTH          0.035        -0.008        -0.004        -0.021        -0.065
 AGE           -0.244        -0.161        -0.090        -0.094        -0.112
 FEMALE         0.121         0.047        -0.049        -0.009        -0.021
 IMMI1         -0.067        -0.073        -0.034        -0.032        -0.052
 IMMI2         -0.053        -0.039        -0.025         0.002         0.009
 TAMR           0.032         0.118         0.039         0.072         0.073
 PRIOR          0.035        -0.007        -0.052        -0.026        -0.046
 INSTI         -0.308        -0.216        -0.209        -0.177        -0.197
 FOSTER         0.009        -0.036        -0.017        -0.057        -0.038
 PSYHLTH        0.029        -0.018        -0.059        -0.032        -0.040
 CHGYLS        -0.095         0.605         0.314         0.254         0.260


           Correlations
              INNYLSS       OUTYLSS       MID           NORTH         AGE
              ________      ________      ________      ________      ________
 INNYLSS        1.000
 OUTYLSS        0.511         1.000
 MID           -0.015         0.028         1.000
 NORTH         -0.038         0.010        -0.133         1.000
 AGE            0.056         0.074        -0.075        -0.072         1.000
 FEMALE        -0.154        -0.078        -0.064        -0.001         0.054
 IMMI1          0.087         0.101        -0.062        -0.054         0.112
 IMMI2          0.016         0.041        -0.035         0.035        -0.027
 TAMR          -0.042        -0.170         0.161         0.023        -0.067
 PRIOR         -0.020         0.005         0.076        -0.029        -0.004
 INSTI          0.161         0.189        -0.013        -0.055         0.135
 FOSTER        -0.024         0.028         0.013         0.006         0.036
 PSYHLTH        0.030         0.077        -0.023        -0.048        -0.034
 CHGYLS         0.265        -0.694        -0.044        -0.043        -0.036


           Correlations
              FEMALE        IMMI1         IMMI2         TAMR          PRIOR
              ________      ________      ________      ________      ________
 FEMALE         1.000
 IMMI1         -0.039         1.000
 IMMI2         -0.002        -0.109         1.000
 TAMR          -0.024        -0.091        -0.038         1.000
 PRIOR         -0.074        -0.040        -0.051         0.044         1.000
 INSTI          0.000         0.059         0.033        -0.068         0.058
 FOSTER         0.028         0.011        -0.020        -0.027        -0.014
 PSYHLTH        0.126        -0.155        -0.118        -0.029         0.101
 CHGYLS        -0.041        -0.040        -0.033         0.155        -0.022


           Correlations
              INSTI         FOSTER        PSYHLTH       CHGYLS
              ________      ________      ________      ________
 INSTI          1.000
 FOSTER         0.060         1.000
 PSYHLTH        0.071         0.083         1.000
 CHGYLS        -0.077        -0.052        -0.061         1.000



     Beginning Time:  15:38:16
        Ending Time:  15:38:27
       Elapsed Time:  00:00:11



MUTHEN & MUTHEN
3463 Stoner Ave.
Los Angeles, CA  90066

Tel: (310) 391-9971
Fax: (310) 391-8971
Web: www.StatModel.com
Support: Support@StatModel.com

Copyright (c) 1998-2023 Muthen & Muthen
